---------------------------------------------------------------
[ 2017-05-31T13:16:05+08:00 ] ::1 ::1 GET /testTP5/public/
[ info ] localhost/testTP5/public/ [运行时间：0.111006s][吞吐率：9.01req/s] [内存消耗：136.80kb] [文件加载：25]
[ info ] [ LANG ] F:\xampp\htdocs\testTp5\thinkphp\lang\zh-cn.php
[ info ] [ ROUTE ] array (
  'type' => 'module',
  'module' => 
  array (
    0 => '',
    1 => NULL,
    2 => NULL,
  ),
)
[ info ] [ HEADER ] array (
  'host' => 'localhost',
  'connection' => 'keep-alive',
  'cache-control' => 'max-age=0',
  'upgrade-insecure-requests' => '1',
  'user-agent' => 'Mozilla/5.0 (Windows NT 6.1; WOW64) AppleWebKit/537.36 (KHTML, like Gecko) Chrome/58.0.3029.110 Safari/537.36',
  'accept' => 'text/html,application/xhtml+xml,application/xml;q=0.9,image/webp,*/*;q=0.8',
  'accept-encoding' => 'gzip, deflate, sdch, br',
  'accept-language' => 'zh-CN,zh;q=0.8',
)
[ info ] [ PARAM ] array (
)
[ info ] [ RUN ] app\index\controller\Index->index[ F:\xampp\htdocs\testTp5\app\index\controller\Index.php ]
[ info ] [ LOG ] INIT File
---------------------------------------------------------------
[ 2017-05-31T13:16:22+08:00 ] 192.168.21.214 192.168.21.214 GET /testTP5/public/
[ info ] 192.168.21.214/testTP5/public/ [运行时间：0.026001s][吞吐率：38.46req/s] [内存消耗：135.85kb] [文件加载：25]
[ info ] [ LANG ] F:\xampp\htdocs\testTp5\thinkphp\lang\zh-cn.php
[ info ] [ ROUTE ] array (
  'type' => 'module',
  'module' => 
  array (
    0 => '',
    1 => NULL,
    2 => NULL,
  ),
)
[ info ] [ HEADER ] array (
  'host' => '192.168.21.214',
  'connection' => 'keep-alive',
  'accept' => 'text/html,application/xhtml+xml,application/xml;q=0.9,image/webp,*/*;q=0.8',
  'upgrade-insecure-requests' => '1',
  'user-agent' => 'Mozilla/5.0 (Windows NT 6.1; WOW64) AppleWebKit/537.36 (KHTML, like Gecko) Chrome/45.0.2454.101 Safari/537.36',
  'accept-encoding' => 'gzip, deflate, sdch',
  'accept-language' => 'zh-CN,zh;q=0.8',
  'cookie' => 'Hm_lvt_4c790a1cf093e3632a695d5e82587605=1493863462; _ga=GA1.1.1912091484.1493863462; JSESSIONID=C0E31416A4EB788BA9A3BAE801A32183',
)
[ info ] [ PARAM ] array (
)
[ info ] [ RUN ] app\index\controller\Index->index[ F:\xampp\htdocs\testTp5\app\index\controller\Index.php ]
[ info ] [ LOG ] INIT File
---------------------------------------------------------------
[ 2017-05-31T15:37:36+08:00 ] ::1 ::1 GET /testTP5/public/index.php/xinda
[ info ] localhost/testTP5/public/index.php/xinda [运行时间：0.295017s][吞吐率：3.39req/s] [内存消耗：129.27kb] [文件加载：28]
[ info ] [ LANG ] F:\xampp\htdocs\testTp5\thinkphp\lang\zh-cn.php
[ info ] [ ROUTE ] array (
  'type' => 'module',
  'module' => 
  array (
    0 => 'xinda',
    1 => NULL,
    2 => NULL,
  ),
)
[ info ] [ HEADER ] array (
  'host' => 'localhost',
  'connection' => 'keep-alive',
  'upgrade-insecure-requests' => '1',
  'user-agent' => 'Mozilla/5.0 (Windows NT 6.1; WOW64) AppleWebKit/537.36 (KHTML, like Gecko) Chrome/58.0.3029.110 Safari/537.36',
  'accept' => 'text/html,application/xhtml+xml,application/xml;q=0.9,image/webp,*/*;q=0.8',
  'accept-encoding' => 'gzip, deflate, sdch, br',
  'accept-language' => 'zh-CN,zh;q=0.8',
  'cookie' => 'pgv_pvi=3115131904; pgv_si=s3816356864',
)
[ info ] [ PARAM ] array (
)
[ info ] [ LOG ] INIT File
---------------------------------------------------------------
[ 2017-05-31T15:38:14+08:00 ] ::1 ::1 GET /testTP5/public/index.php/xinda
[ info ] localhost/testTP5/public/index.php/xinda [运行时间：0.062004s][吞吐率：16.13req/s] [内存消耗：136.88kb] [文件加载：25]
[ info ] [ LANG ] F:\xampp\htdocs\testTp5\thinkphp\lang\zh-cn.php
[ info ] [ ROUTE ] array (
  'type' => 'module',
  'module' => 
  array (
    0 => 'xinda',
    1 => NULL,
    2 => NULL,
  ),
)
[ info ] [ HEADER ] array (
  'host' => 'localhost',
  'connection' => 'keep-alive',
  'cache-control' => 'max-age=0',
  'upgrade-insecure-requests' => '1',
  'user-agent' => 'Mozilla/5.0 (Windows NT 6.1; WOW64) AppleWebKit/537.36 (KHTML, like Gecko) Chrome/58.0.3029.110 Safari/537.36',
  'accept' => 'text/html,application/xhtml+xml,application/xml;q=0.9,image/webp,*/*;q=0.8',
  'accept-encoding' => 'gzip, deflate, sdch, br',
  'accept-language' => 'zh-CN,zh;q=0.8',
  'cookie' => 'pgv_pvi=3115131904; pgv_si=s3816356864',
)
[ info ] [ PARAM ] array (
)
[ info ] [ RUN ] app\xinda\controller\Index->index[ F:\xampp\htdocs\testTp5\app\xinda\controller\Index.php ]
[ info ] [ LOG ] INIT File
---------------------------------------------------------------
[ 2017-05-31T15:42:43+08:00 ] ::1 ::1 GET /testTP5/public/index.php/xinda
[ info ] localhost/testTP5/public/index.php/xinda [运行时间：0.040002s][吞吐率：25.00req/s] [内存消耗：140.95kb] [文件加载：26]
[ info ] [ LANG ] F:\xampp\htdocs\testTp5\thinkphp\lang\zh-cn.php
[ info ] [ ROUTE ] array (
  'type' => 'module',
  'module' => 
  array (
    0 => 'xinda',
    1 => NULL,
    2 => NULL,
  ),
)
[ info ] [ HEADER ] array (
  'host' => 'localhost',
  'connection' => 'keep-alive',
  'cache-control' => 'max-age=0',
  'upgrade-insecure-requests' => '1',
  'user-agent' => 'Mozilla/5.0 (Windows NT 6.1; WOW64) AppleWebKit/537.36 (KHTML, like Gecko) Chrome/58.0.3029.110 Safari/537.36',
  'accept' => 'text/html,application/xhtml+xml,application/xml;q=0.9,image/webp,*/*;q=0.8',
  'accept-encoding' => 'gzip, deflate, sdch, br',
  'accept-language' => 'zh-CN,zh;q=0.8',
  'cookie' => 'pgv_pvi=3115131904; pgv_si=s3816356864',
)
[ info ] [ PARAM ] array (
)
[ info ] [ RUN ] app\xinda\controller\Index->index[ F:\xampp\htdocs\testTp5\app\xinda\controller\Index.php ]
[ info ] [ LOG ] INIT File
---------------------------------------------------------------
[ 2017-05-31T15:44:34+08:00 ] ::1 ::1 GET /testTP5/public/index.php/xinda
[ info ] localhost/testTP5/public/index.php/xinda [运行时间：0.011001s][吞吐率：90.90req/s] [内存消耗：139.00kb] [文件加载：26]
[ info ] [ LANG ] F:\xampp\htdocs\testTp5\thinkphp\lang\zh-cn.php
[ info ] [ ROUTE ] array (
  'type' => 'module',
  'module' => 
  array (
    0 => 'xinda',
    1 => NULL,
    2 => NULL,
  ),
)
[ info ] [ HEADER ] array (
  'host' => 'localhost',
  'connection' => 'keep-alive',
  'cache-control' => 'max-age=0',
  'upgrade-insecure-requests' => '1',
  'user-agent' => 'Mozilla/5.0 (Windows NT 6.1; WOW64) AppleWebKit/537.36 (KHTML, like Gecko) Chrome/58.0.3029.110 Safari/537.36',
  'accept' => 'text/html,application/xhtml+xml,application/xml;q=0.9,image/webp,*/*;q=0.8',
  'accept-encoding' => 'gzip, deflate, sdch, br',
  'accept-language' => 'zh-CN,zh;q=0.8',
  'cookie' => 'pgv_pvi=3115131904; pgv_si=s3816356864',
)
[ info ] [ PARAM ] array (
)
[ info ] [ RUN ] app\xinda\controller\Index->index[ F:\xampp\htdocs\testTp5\app\xinda\controller\Index.php ]
[ info ] [ LOG ] INIT File
---------------------------------------------------------------
[ 2017-05-31T15:45:24+08:00 ] ::1 ::1 GET /testTP5/public/index.php/xinda
[ info ] localhost/testTP5/public/index.php/xinda [运行时间：0.008000s][吞吐率：125.00req/s] [内存消耗：138.84kb] [文件加载：25]
[ info ] [ LANG ] F:\xampp\htdocs\testTp5\thinkphp\lang\zh-cn.php
[ info ] [ ROUTE ] array (
  'type' => 'module',
  'module' => 
  array (
    0 => 'xinda',
    1 => NULL,
    2 => NULL,
  ),
)
[ info ] [ HEADER ] array (
  'host' => 'localhost',
  'connection' => 'keep-alive',
  'cache-control' => 'max-age=0',
  'upgrade-insecure-requests' => '1',
  'user-agent' => 'Mozilla/5.0 (Windows NT 6.1; WOW64) AppleWebKit/537.36 (KHTML, like Gecko) Chrome/58.0.3029.110 Safari/537.36',
  'accept' => 'text/html,application/xhtml+xml,application/xml;q=0.9,image/webp,*/*;q=0.8',
  'accept-encoding' => 'gzip, deflate, sdch, br',
  'accept-language' => 'zh-CN,zh;q=0.8',
  'cookie' => 'pgv_pvi=3115131904; pgv_si=s3816356864',
)
[ info ] [ PARAM ] array (
)
[ info ] [ RUN ] app\xinda\controller\Index->index[ F:\xampp\htdocs\testTp5\app\xinda\controller\Index.php ]
[ info ] [ LOG ] INIT File
---------------------------------------------------------------
[ 2017-05-31T15:45:25+08:00 ] ::1 ::1 GET /testTP5/public/index.php/xinda
[ info ] localhost/testTP5/public/index.php/xinda [运行时间：0.019001s][吞吐率：52.63req/s] [内存消耗：138.84kb] [文件加载：25]
[ info ] [ LANG ] F:\xampp\htdocs\testTp5\thinkphp\lang\zh-cn.php
[ info ] [ ROUTE ] array (
  'type' => 'module',
  'module' => 
  array (
    0 => 'xinda',
    1 => NULL,
    2 => NULL,
  ),
)
[ info ] [ HEADER ] array (
  'host' => 'localhost',
  'connection' => 'keep-alive',
  'cache-control' => 'max-age=0',
  'upgrade-insecure-requests' => '1',
  'user-agent' => 'Mozilla/5.0 (Windows NT 6.1; WOW64) AppleWebKit/537.36 (KHTML, like Gecko) Chrome/58.0.3029.110 Safari/537.36',
  'accept' => 'text/html,application/xhtml+xml,application/xml;q=0.9,image/webp,*/*;q=0.8',
  'accept-encoding' => 'gzip, deflate, sdch, br',
  'accept-language' => 'zh-CN,zh;q=0.8',
  'cookie' => 'pgv_pvi=3115131904; pgv_si=s3816356864',
)
[ info ] [ PARAM ] array (
)
[ info ] [ RUN ] app\xinda\controller\Index->index[ F:\xampp\htdocs\testTp5\app\xinda\controller\Index.php ]
[ info ] [ LOG ] INIT File
---------------------------------------------------------------
[ 2017-05-31T15:45:26+08:00 ] ::1 ::1 GET /testTP5/public/index.php/xinda
[ info ] localhost/testTP5/public/index.php/xinda [运行时间：0.010000s][吞吐率：100.00req/s] [内存消耗：138.84kb] [文件加载：25]
[ info ] [ LANG ] F:\xampp\htdocs\testTp5\thinkphp\lang\zh-cn.php
[ info ] [ ROUTE ] array (
  'type' => 'module',
  'module' => 
  array (
    0 => 'xinda',
    1 => NULL,
    2 => NULL,
  ),
)
[ info ] [ HEADER ] array (
  'host' => 'localhost',
  'connection' => 'keep-alive',
  'cache-control' => 'max-age=0',
  'upgrade-insecure-requests' => '1',
  'user-agent' => 'Mozilla/5.0 (Windows NT 6.1; WOW64) AppleWebKit/537.36 (KHTML, like Gecko) Chrome/58.0.3029.110 Safari/537.36',
  'accept' => 'text/html,application/xhtml+xml,application/xml;q=0.9,image/webp,*/*;q=0.8',
  'accept-encoding' => 'gzip, deflate, sdch, br',
  'accept-language' => 'zh-CN,zh;q=0.8',
  'cookie' => 'pgv_pvi=3115131904; pgv_si=s3816356864',
)
[ info ] [ PARAM ] array (
)
[ info ] [ RUN ] app\xinda\controller\Index->index[ F:\xampp\htdocs\testTp5\app\xinda\controller\Index.php ]
[ info ] [ LOG ] INIT File
---------------------------------------------------------------
[ 2017-05-31T15:45:26+08:00 ] ::1 ::1 GET /testTP5/public/index.php/xinda
[ info ] localhost/testTP5/public/index.php/xinda [运行时间：0.015001s][吞吐率：66.66req/s] [内存消耗：138.84kb] [文件加载：25]
[ info ] [ LANG ] F:\xampp\htdocs\testTp5\thinkphp\lang\zh-cn.php
[ info ] [ ROUTE ] array (
  'type' => 'module',
  'module' => 
  array (
    0 => 'xinda',
    1 => NULL,
    2 => NULL,
  ),
)
[ info ] [ HEADER ] array (
  'host' => 'localhost',
  'connection' => 'keep-alive',
  'cache-control' => 'max-age=0',
  'upgrade-insecure-requests' => '1',
  'user-agent' => 'Mozilla/5.0 (Windows NT 6.1; WOW64) AppleWebKit/537.36 (KHTML, like Gecko) Chrome/58.0.3029.110 Safari/537.36',
  'accept' => 'text/html,application/xhtml+xml,application/xml;q=0.9,image/webp,*/*;q=0.8',
  'accept-encoding' => 'gzip, deflate, sdch, br',
  'accept-language' => 'zh-CN,zh;q=0.8',
  'cookie' => 'pgv_pvi=3115131904; pgv_si=s3816356864',
)
[ info ] [ PARAM ] array (
)
[ info ] [ RUN ] app\xinda\controller\Index->index[ F:\xampp\htdocs\testTp5\app\xinda\controller\Index.php ]
[ info ] [ LOG ] INIT File
---------------------------------------------------------------
[ 2017-05-31T15:45:26+08:00 ] ::1 ::1 GET /testTP5/public/index.php/xinda
[ info ] localhost/testTP5/public/index.php/xinda [运行时间：0.005001s][吞吐率：199.96req/s] [内存消耗：138.84kb] [文件加载：25]
[ info ] [ LANG ] F:\xampp\htdocs\testTp5\thinkphp\lang\zh-cn.php
[ info ] [ ROUTE ] array (
  'type' => 'module',
  'module' => 
  array (
    0 => 'xinda',
    1 => NULL,
    2 => NULL,
  ),
)
[ info ] [ HEADER ] array (
  'host' => 'localhost',
  'connection' => 'keep-alive',
  'cache-control' => 'max-age=0',
  'upgrade-insecure-requests' => '1',
  'user-agent' => 'Mozilla/5.0 (Windows NT 6.1; WOW64) AppleWebKit/537.36 (KHTML, like Gecko) Chrome/58.0.3029.110 Safari/537.36',
  'accept' => 'text/html,application/xhtml+xml,application/xml;q=0.9,image/webp,*/*;q=0.8',
  'accept-encoding' => 'gzip, deflate, sdch, br',
  'accept-language' => 'zh-CN,zh;q=0.8',
  'cookie' => 'pgv_pvi=3115131904; pgv_si=s3816356864',
)
[ info ] [ PARAM ] array (
)
[ info ] [ RUN ] app\xinda\controller\Index->index[ F:\xampp\htdocs\testTp5\app\xinda\controller\Index.php ]
[ info ] [ LOG ] INIT File
---------------------------------------------------------------
[ 2017-05-31T15:46:39+08:00 ] ::1 ::1 GET /testTP5/public/index.php/xinda
[ info ] localhost/testTP5/public/index.php/xinda [运行时间：0.014001s][吞吐率：71.42req/s] [内存消耗：138.84kb] [文件加载：25]
[ info ] [ LANG ] F:\xampp\htdocs\testTp5\thinkphp\lang\zh-cn.php
[ info ] [ ROUTE ] array (
  'type' => 'module',
  'module' => 
  array (
    0 => 'xinda',
    1 => NULL,
    2 => NULL,
  ),
)
[ info ] [ HEADER ] array (
  'host' => 'localhost',
  'connection' => 'keep-alive',
  'cache-control' => 'max-age=0',
  'upgrade-insecure-requests' => '1',
  'user-agent' => 'Mozilla/5.0 (Windows NT 6.1; WOW64) AppleWebKit/537.36 (KHTML, like Gecko) Chrome/58.0.3029.110 Safari/537.36',
  'accept' => 'text/html,application/xhtml+xml,application/xml;q=0.9,image/webp,*/*;q=0.8',
  'accept-encoding' => 'gzip, deflate, sdch, br',
  'accept-language' => 'zh-CN,zh;q=0.8',
  'cookie' => 'pgv_pvi=3115131904; pgv_si=s3816356864',
)
[ info ] [ PARAM ] array (
)
[ info ] [ RUN ] app\xinda\controller\Index->index[ F:\xampp\htdocs\testTp5\app\xinda\controller\Index.php ]
[ info ] [ LOG ] INIT File
---------------------------------------------------------------
[ 2017-05-31T15:47:06+08:00 ] 192.168.21.214 192.168.21.214 GET /testTP5/public/
[ info ] 192.168.21.214/testTP5/public/ [运行时间：0.006000s][吞吐率：166.67req/s] [内存消耗：137.03kb] [文件加载：26]
[ info ] [ LANG ] F:\xampp\htdocs\testTp5\thinkphp\lang\zh-cn.php
[ info ] [ ROUTE ] array (
  'type' => 'module',
  'module' => 
  array (
    0 => '',
    1 => NULL,
    2 => NULL,
  ),
)
[ info ] [ HEADER ] array (
  'host' => '192.168.21.214',
  'connection' => 'keep-alive',
  'cache-control' => 'max-age=0',
  'accept' => 'text/html,application/xhtml+xml,application/xml;q=0.9,image/webp,*/*;q=0.8',
  'upgrade-insecure-requests' => '1',
  'user-agent' => 'Mozilla/5.0 (Windows NT 6.1; WOW64) AppleWebKit/537.36 (KHTML, like Gecko) Chrome/45.0.2454.101 Safari/537.36',
  'accept-encoding' => 'gzip, deflate, sdch',
  'accept-language' => 'zh-CN,zh;q=0.8',
  'cookie' => 'Hm_lvt_4c790a1cf093e3632a695d5e82587605=1493863462; _ga=GA1.1.1912091484.1493863462; JSESSIONID=4041F66E12D507F262A877A8A4316C6B',
)
[ info ] [ PARAM ] array (
)
[ info ] [ RUN ] app\index\controller\Index->index[ F:\xampp\htdocs\testTp5\app\index\controller\Index.php ]
[ info ] [ LOG ] INIT File
---------------------------------------------------------------
[ 2017-05-31T15:47:15+08:00 ] 192.168.21.214 192.168.21.214 GET /testTP5/public/index.php
[ info ] 192.168.21.214/testTP5/public/index.php [运行时间：0.004000s][吞吐率：250.00req/s] [内存消耗：136.21kb] [文件加载：26]
[ info ] [ LANG ] F:\xampp\htdocs\testTp5\thinkphp\lang\zh-cn.php
[ info ] [ ROUTE ] array (
  'type' => 'module',
  'module' => 
  array (
    0 => '',
    1 => NULL,
    2 => NULL,
  ),
)
[ info ] [ HEADER ] array (
  'host' => '192.168.21.214',
  'connection' => 'keep-alive',
  'accept' => 'text/html,application/xhtml+xml,application/xml;q=0.9,image/webp,*/*;q=0.8',
  'upgrade-insecure-requests' => '1',
  'user-agent' => 'Mozilla/5.0 (Windows NT 6.1; WOW64) AppleWebKit/537.36 (KHTML, like Gecko) Chrome/45.0.2454.101 Safari/537.36',
  'accept-encoding' => 'gzip, deflate, sdch',
  'accept-language' => 'zh-CN,zh;q=0.8',
  'cookie' => 'Hm_lvt_4c790a1cf093e3632a695d5e82587605=1493863462; _ga=GA1.1.1912091484.1493863462; JSESSIONID=4041F66E12D507F262A877A8A4316C6B',
)
[ info ] [ PARAM ] array (
)
[ info ] [ RUN ] app\index\controller\Index->index[ F:\xampp\htdocs\testTp5\app\index\controller\Index.php ]
[ info ] [ LOG ] INIT File
---------------------------------------------------------------
[ 2017-05-31T15:47:24+08:00 ] 192.168.21.214 192.168.21.214 GET /testTP5/public/index.php/xinda
[ info ] 192.168.21.214/testTP5/public/index.php/xinda [运行时间：0.012001s][吞吐率：83.33req/s] [内存消耗：138.96kb] [文件加载：25]
[ info ] [ LANG ] F:\xampp\htdocs\testTp5\thinkphp\lang\zh-cn.php
[ info ] [ ROUTE ] array (
  'type' => 'module',
  'module' => 
  array (
    0 => 'xinda',
    1 => NULL,
    2 => NULL,
  ),
)
[ info ] [ HEADER ] array (
  'host' => '192.168.21.214',
  'connection' => 'keep-alive',
  'accept' => 'text/html,application/xhtml+xml,application/xml;q=0.9,image/webp,*/*;q=0.8',
  'upgrade-insecure-requests' => '1',
  'user-agent' => 'Mozilla/5.0 (Windows NT 6.1; WOW64) AppleWebKit/537.36 (KHTML, like Gecko) Chrome/45.0.2454.101 Safari/537.36',
  'accept-encoding' => 'gzip, deflate, sdch',
  'accept-language' => 'zh-CN,zh;q=0.8',
  'cookie' => 'Hm_lvt_4c790a1cf093e3632a695d5e82587605=1493863462; _ga=GA1.1.1912091484.1493863462; JSESSIONID=4041F66E12D507F262A877A8A4316C6B',
)
[ info ] [ PARAM ] array (
)
[ info ] [ RUN ] app\xinda\controller\Index->index[ F:\xampp\htdocs\testTp5\app\xinda\controller\Index.php ]
[ info ] [ LOG ] INIT File
---------------------------------------------------------------
[ 2017-05-31T15:48:19+08:00 ] 192.168.21.214 192.168.21.214 GET /testTP5/public/
[ info ] 192.168.21.214/testTP5/public/ [运行时间：0.013001s][吞吐率：76.92req/s] [内存消耗：139.34kb] [文件加载：25]
[ info ] [ LANG ] F:\xampp\htdocs\testTp5\thinkphp\lang\zh-cn.php
[ info ] [ ROUTE ] array (
  'type' => 'module',
  'module' => 
  array (
    0 => '',
    1 => NULL,
    2 => NULL,
  ),
)
[ info ] [ HEADER ] array (
  'host' => '192.168.21.214',
  'connection' => 'keep-alive',
  'accept' => 'text/html,application/xhtml+xml,application/xml;q=0.9,image/webp,*/*;q=0.8',
  'upgrade-insecure-requests' => '1',
  'user-agent' => 'Mozilla/5.0 (Windows NT 6.1; WOW64) AppleWebKit/537.36 (KHTML, like Gecko) Chrome/45.0.2454.101 Safari/537.36',
  'accept-encoding' => 'gzip, deflate, sdch',
  'accept-language' => 'zh-CN,zh;q=0.8',
  'cookie' => 'Hm_lvt_4c790a1cf093e3632a695d5e82587605=1493863462; _ga=GA1.1.1912091484.1493863462; JSESSIONID=4041F66E12D507F262A877A8A4316C6B',
)
[ info ] [ PARAM ] array (
)
[ info ] [ RUN ] app\xinda\controller\Index->index[ F:\xampp\htdocs\testTp5\app\xinda\controller\Index.php ]
[ info ] [ LOG ] INIT File
---------------------------------------------------------------
[ 2017-05-31T15:48:50+08:00 ] 192.168.21.214 192.168.21.214 GET /testTP5/public/
[ info ] 192.168.21.214/testTP5/public/ [运行时间：0.015001s][吞吐率：66.66req/s] [内存消耗：139.80kb] [文件加载：26]
[ info ] [ LANG ] F:\xampp\htdocs\testTp5\thinkphp\lang\zh-cn.php
[ info ] [ ROUTE ] array (
  'type' => 'module',
  'module' => 
  array (
    0 => '',
    1 => NULL,
    2 => NULL,
  ),
)
[ info ] [ HEADER ] array (
  'host' => '192.168.21.214',
  'connection' => 'keep-alive',
  'cache-control' => 'max-age=0',
  'accept' => 'text/html,application/xhtml+xml,application/xml;q=0.9,image/webp,*/*;q=0.8',
  'upgrade-insecure-requests' => '1',
  'user-agent' => 'Mozilla/5.0 (Windows NT 6.1; WOW64) AppleWebKit/537.36 (KHTML, like Gecko) Chrome/45.0.2454.101 Safari/537.36',
  'accept-encoding' => 'gzip, deflate, sdch',
  'accept-language' => 'zh-CN,zh;q=0.8',
  'cookie' => 'Hm_lvt_4c790a1cf093e3632a695d5e82587605=1493863462; _ga=GA1.1.1912091484.1493863462; JSESSIONID=4041F66E12D507F262A877A8A4316C6B',
)
[ info ] [ PARAM ] array (
)
[ info ] [ RUN ] app\xinda\controller\Index->index[ F:\xampp\htdocs\testTp5\app\xinda\controller\Index.php ]
[ info ] [ LOG ] INIT File
---------------------------------------------------------------
[ 2017-05-31T16:59:36+08:00 ] 192.168.21.214 192.168.21.214 GET /testTP5/public/index.php/xiuli
[ info ] 192.168.21.214/testTP5/public/index.php/xiuli [运行时间：0.523030s][吞吐率：1.91req/s] [内存消耗：140.45kb] [文件加载：25]
[ info ] [ LANG ] F:\xampp\htdocs\testTp5\thinkphp\lang\zh-cn.php
[ info ] [ ROUTE ] array (
  'type' => 'module',
  'module' => 
  array (
    0 => 'xiuli',
    1 => NULL,
    2 => NULL,
  ),
)
[ info ] [ HEADER ] array (
  'host' => '192.168.21.214',
  'connection' => 'keep-alive',
  'accept' => 'text/html,application/xhtml+xml,application/xml;q=0.9,image/webp,*/*;q=0.8',
  'upgrade-insecure-requests' => '1',
  'user-agent' => 'Mozilla/5.0 (Windows NT 6.1; WOW64) AppleWebKit/537.36 (KHTML, like Gecko) Chrome/45.0.2454.101 Safari/537.36',
  'accept-encoding' => 'gzip, deflate, sdch',
  'accept-language' => 'zh-CN,zh;q=0.8',
  'cookie' => 'Hm_lvt_4c790a1cf093e3632a695d5e82587605=1493863462; _ga=GA1.1.1912091484.1493863462; JSESSIONID=27D1CFED671A8CEF5431E09A06E740C4',
)
[ info ] [ PARAM ] array (
)
[ info ] [ RUN ] app\xiuli\controller\Index->index[ F:\xampp\htdocs\testTp5\app\xiuli\controller\Index.php ]
[ info ] [ LOG ] INIT File
---------------------------------------------------------------
[ 2017-05-31T17:05:59+08:00 ] 192.168.21.214 192.168.21.214 GET /testTP5/public/index.php/xiuli
[ info ] 192.168.21.214/testTP5/public/index.php/xiuli [运行时间：0.007001s][吞吐率：142.84req/s] [内存消耗：139.84kb] [文件加载：26]
[ info ] [ LANG ] F:\xampp\htdocs\testTp5\thinkphp\lang\zh-cn.php
[ info ] [ ROUTE ] array (
  'type' => 'module',
  'module' => 
  array (
    0 => 'xiuli',
    1 => NULL,
    2 => NULL,
  ),
)
[ info ] [ HEADER ] array (
  'host' => '192.168.21.214',
  'connection' => 'keep-alive',
  'cache-control' => 'max-age=0',
  'accept' => 'text/html,application/xhtml+xml,application/xml;q=0.9,image/webp,*/*;q=0.8',
  'upgrade-insecure-requests' => '1',
  'user-agent' => 'Mozilla/5.0 (Windows NT 6.1; WOW64) AppleWebKit/537.36 (KHTML, like Gecko) Chrome/45.0.2454.101 Safari/537.36',
  'accept-encoding' => 'gzip, deflate, sdch',
  'accept-language' => 'zh-CN,zh;q=0.8',
  'cookie' => 'Hm_lvt_4c790a1cf093e3632a695d5e82587605=1493863462; _ga=GA1.1.1912091484.1493863462; JSESSIONID=27D1CFED671A8CEF5431E09A06E740C4',
)
[ info ] [ PARAM ] array (
)
[ info ] [ RUN ] app\xiuli\controller\Index->index[ F:\xampp\htdocs\testTp5\app\xiuli\controller\Index.php ]
[ info ] [ LOG ] INIT File
---------------------------------------------------------------
[ 2017-05-31T17:06:00+08:00 ] 192.168.21.214 192.168.21.214 GET /testTP5/public/index.php/xiuli
[ info ] 192.168.21.214/testTP5/public/index.php/xiuli [运行时间：0.012001s][吞吐率：83.33req/s] [内存消耗：139.39kb] [文件加载：26]
[ info ] [ LANG ] F:\xampp\htdocs\testTp5\thinkphp\lang\zh-cn.php
[ info ] [ ROUTE ] array (
  'type' => 'module',
  'module' => 
  array (
    0 => 'xiuli',
    1 => NULL,
    2 => NULL,
  ),
)
[ info ] [ HEADER ] array (
  'host' => '192.168.21.214',
  'connection' => 'keep-alive',
  'cache-control' => 'max-age=0',
  'accept' => 'text/html,application/xhtml+xml,application/xml;q=0.9,image/webp,*/*;q=0.8',
  'upgrade-insecure-requests' => '1',
  'user-agent' => 'Mozilla/5.0 (Windows NT 6.1; WOW64) AppleWebKit/537.36 (KHTML, like Gecko) Chrome/45.0.2454.101 Safari/537.36',
  'accept-encoding' => 'gzip, deflate, sdch',
  'accept-language' => 'zh-CN,zh;q=0.8',
  'cookie' => 'Hm_lvt_4c790a1cf093e3632a695d5e82587605=1493863462; _ga=GA1.1.1912091484.1493863462; JSESSIONID=27D1CFED671A8CEF5431E09A06E740C4',
)
[ info ] [ PARAM ] array (
)
[ info ] [ RUN ] app\xiuli\controller\Index->index[ F:\xampp\htdocs\testTp5\app\xiuli\controller\Index.php ]
[ info ] [ LOG ] INIT File
---------------------------------------------------------------
[ 2017-05-31T17:08:39+08:00 ] 192.168.21.214 192.168.21.214 GET /testTP5/public/index.php/xiuli
[ info ] 192.168.21.214/testTP5/public/index.php/xiuli [运行时间：0.982056s][吞吐率：1.02req/s] [内存消耗：273.64kb] [文件加载：32]
[ info ] [ LANG ] F:\xampp\htdocs\testTp5\thinkphp\lang\zh-cn.php
[ info ] [ ROUTE ] array (
  'type' => 'module',
  'module' => 
  array (
    0 => 'xiuli',
    1 => NULL,
    2 => NULL,
  ),
)
[ info ] [ HEADER ] array (
  'host' => '192.168.21.214',
  'connection' => 'keep-alive',
  'cache-control' => 'max-age=0',
  'accept' => 'text/html,application/xhtml+xml,application/xml;q=0.9,image/webp,*/*;q=0.8',
  'upgrade-insecure-requests' => '1',
  'user-agent' => 'Mozilla/5.0 (Windows NT 6.1; WOW64) AppleWebKit/537.36 (KHTML, like Gecko) Chrome/45.0.2454.101 Safari/537.36',
  'accept-encoding' => 'gzip, deflate, sdch',
  'accept-language' => 'zh-CN,zh;q=0.8',
  'cookie' => 'Hm_lvt_4c790a1cf093e3632a695d5e82587605=1493863462; _ga=GA1.1.1912091484.1493863462; JSESSIONID=27D1CFED671A8CEF5431E09A06E740C4',
)
[ info ] [ PARAM ] array (
)
[ info ] [ RUN ] app\xiuli\controller\Index->index[ F:\xampp\htdocs\testTp5\app\xiuli\controller\Index.php ]
[ info ] [ DB ] INIT mysql
[ info ] [ LOG ] INIT File
[ sql ] [ DB ] CONNECT:[ UseTime:0.782045s ] mysql:dbname=zentao;host=192.168.21.10;port=3306;charset=utf8
[ sql ] [ SQL ] SHOW COLUMNS FROM `zt_user` [ RunTime:0.030002s ]
[ sql ] [ SQL ] SELECT * FROM `zt_user` WHERE  `id` = 1 LIMIT 1 [ RunTime:0.002000s ]
---------------------------------------------------------------
[ 2017-05-31T17:09:46+08:00 ] 192.168.21.214 192.168.21.214 GET /testTP5/public/index.php/xiuli
[ info ] 192.168.21.214/testTP5/public/index.php/xiuli [运行时间：0.261015s][吞吐率：3.83req/s] [内存消耗：304.13kb] [文件加载：36]
[ info ] [ LANG ] F:\xampp\htdocs\testTp5\thinkphp\lang\zh-cn.php
[ info ] [ ROUTE ] array (
  'type' => 'module',
  'module' => 
  array (
    0 => 'xiuli',
    1 => NULL,
    2 => NULL,
  ),
)
[ info ] [ HEADER ] array (
  'host' => '192.168.21.214',
  'connection' => 'keep-alive',
  'cache-control' => 'max-age=0',
  'accept' => 'text/html,application/xhtml+xml,application/xml;q=0.9,image/webp,*/*;q=0.8',
  'upgrade-insecure-requests' => '1',
  'user-agent' => 'Mozilla/5.0 (Windows NT 6.1; WOW64) AppleWebKit/537.36 (KHTML, like Gecko) Chrome/45.0.2454.101 Safari/537.36',
  'accept-encoding' => 'gzip, deflate, sdch',
  'accept-language' => 'zh-CN,zh;q=0.8',
  'cookie' => 'Hm_lvt_4c790a1cf093e3632a695d5e82587605=1493863462; _ga=GA1.1.1912091484.1493863462; JSESSIONID=27D1CFED671A8CEF5431E09A06E740C4',
)
[ info ] [ PARAM ] array (
)
[ info ] [ RUN ] app\xiuli\controller\Index->index[ F:\xampp\htdocs\testTp5\app\xiuli\controller\Index.php ]
[ info ] [ DB ] INIT mysql
[ info ] [ LOG ] INIT File
[ sql ] [ DB ] CONNECT:[ UseTime:0.010001s ] mysql:dbname=zentao;host=192.168.21.10;port=3306;charset=utf8
[ sql ] [ SQL ] SHOW COLUMNS FROM `zt_user` [ RunTime:0.003000s ]
[ sql ] [ SQL ] SELECT * FROM `zt_user` WHERE  `id` = 1 LIMIT 1 [ RunTime:0.001000s ]
[ error ] [1]Call to a member function fetch() on a non-object[F:\xampp\htdocs\testTp5\app\xiuli\controller\Index.php:10]
---------------------------------------------------------------
[ 2017-05-31T17:11:00+08:00 ] 192.168.21.214 192.168.21.214 GET /testTP5/public/index.php/xiuli
[ info ] 192.168.21.214/testTP5/public/index.php/xiuli [运行时间：0.032002s][吞吐率：31.25req/s] [内存消耗：303.73kb] [文件加载：36]
[ info ] [ LANG ] F:\xampp\htdocs\testTp5\thinkphp\lang\zh-cn.php
[ info ] [ ROUTE ] array (
  'type' => 'module',
  'module' => 
  array (
    0 => 'xiuli',
    1 => NULL,
    2 => NULL,
  ),
)
[ info ] [ HEADER ] array (
  'host' => '192.168.21.214',
  'connection' => 'keep-alive',
  'cache-control' => 'max-age=0',
  'accept' => 'text/html,application/xhtml+xml,application/xml;q=0.9,image/webp,*/*;q=0.8',
  'upgrade-insecure-requests' => '1',
  'user-agent' => 'Mozilla/5.0 (Windows NT 6.1; WOW64) AppleWebKit/537.36 (KHTML, like Gecko) Chrome/45.0.2454.101 Safari/537.36',
  'accept-encoding' => 'gzip, deflate, sdch',
  'accept-language' => 'zh-CN,zh;q=0.8',
  'cookie' => 'Hm_lvt_4c790a1cf093e3632a695d5e82587605=1493863462; _ga=GA1.1.1912091484.1493863462; JSESSIONID=27D1CFED671A8CEF5431E09A06E740C4',
)
[ info ] [ PARAM ] array (
)
[ info ] [ RUN ] app\xiuli\controller\Index->index[ F:\xampp\htdocs\testTp5\app\xiuli\controller\Index.php ]
[ info ] [ DB ] INIT mysql
[ info ] [ LOG ] INIT File
[ sql ] [ DB ] CONNECT:[ UseTime:0.002000s ] mysql:dbname=zentao;host=192.168.21.10;port=3306;charset=utf8
[ sql ] [ SQL ] SHOW COLUMNS FROM `zt_user` [ RunTime:0.002000s ]
[ sql ] [ SQL ] SELECT * FROM `zt_user` WHERE  `id` = 1 LIMIT 1 [ RunTime:0.001000s ]
[ error ] [1]Call to a member function fetch() on a non-object[F:\xampp\htdocs\testTp5\app\xiuli\controller\Index.php:10]
---------------------------------------------------------------
[ 2017-05-31T17:11:01+08:00 ] 192.168.21.214 192.168.21.214 GET /testTP5/public/index.php/xiuli
[ info ] 192.168.21.214/testTP5/public/index.php/xiuli [运行时间：0.024002s][吞吐率：41.66req/s] [内存消耗：301.98kb] [文件加载：36]
[ info ] [ LANG ] F:\xampp\htdocs\testTp5\thinkphp\lang\zh-cn.php
[ info ] [ ROUTE ] array (
  'type' => 'module',
  'module' => 
  array (
    0 => 'xiuli',
    1 => NULL,
    2 => NULL,
  ),
)
[ info ] [ HEADER ] array (
  'host' => '192.168.21.214',
  'connection' => 'keep-alive',
  'cache-control' => 'max-age=0',
  'accept' => 'text/html,application/xhtml+xml,application/xml;q=0.9,image/webp,*/*;q=0.8',
  'upgrade-insecure-requests' => '1',
  'user-agent' => 'Mozilla/5.0 (Windows NT 6.1; WOW64) AppleWebKit/537.36 (KHTML, like Gecko) Chrome/45.0.2454.101 Safari/537.36',
  'accept-encoding' => 'gzip, deflate, sdch',
  'accept-language' => 'zh-CN,zh;q=0.8',
  'cookie' => 'Hm_lvt_4c790a1cf093e3632a695d5e82587605=1493863462; _ga=GA1.1.1912091484.1493863462; JSESSIONID=27D1CFED671A8CEF5431E09A06E740C4',
)
[ info ] [ PARAM ] array (
)
[ info ] [ RUN ] app\xiuli\controller\Index->index[ F:\xampp\htdocs\testTp5\app\xiuli\controller\Index.php ]
[ info ] [ DB ] INIT mysql
[ info ] [ LOG ] INIT File
[ sql ] [ DB ] CONNECT:[ UseTime:0.001000s ] mysql:dbname=zentao;host=192.168.21.10;port=3306;charset=utf8
[ sql ] [ SQL ] SHOW COLUMNS FROM `zt_user` [ RunTime:0.003000s ]
[ sql ] [ SQL ] SELECT * FROM `zt_user` WHERE  `id` = 1 LIMIT 1 [ RunTime:0.001000s ]
[ error ] [1]Call to a member function fetch() on a non-object[F:\xampp\htdocs\testTp5\app\xiuli\controller\Index.php:10]
---------------------------------------------------------------
[ 2017-05-31T17:11:02+08:00 ] 192.168.21.214 192.168.21.214 GET /testTP5/public/index.php/xiuli
[ info ] 192.168.21.214/testTP5/public/index.php/xiuli [运行时间：0.031002s][吞吐率：32.26req/s] [内存消耗：301.98kb] [文件加载：36]
[ info ] [ LANG ] F:\xampp\htdocs\testTp5\thinkphp\lang\zh-cn.php
[ info ] [ ROUTE ] array (
  'type' => 'module',
  'module' => 
  array (
    0 => 'xiuli',
    1 => NULL,
    2 => NULL,
  ),
)
[ info ] [ HEADER ] array (
  'host' => '192.168.21.214',
  'connection' => 'keep-alive',
  'cache-control' => 'max-age=0',
  'accept' => 'text/html,application/xhtml+xml,application/xml;q=0.9,image/webp,*/*;q=0.8',
  'upgrade-insecure-requests' => '1',
  'user-agent' => 'Mozilla/5.0 (Windows NT 6.1; WOW64) AppleWebKit/537.36 (KHTML, like Gecko) Chrome/45.0.2454.101 Safari/537.36',
  'accept-encoding' => 'gzip, deflate, sdch',
  'accept-language' => 'zh-CN,zh;q=0.8',
  'cookie' => 'Hm_lvt_4c790a1cf093e3632a695d5e82587605=1493863462; _ga=GA1.1.1912091484.1493863462; JSESSIONID=27D1CFED671A8CEF5431E09A06E740C4',
)
[ info ] [ PARAM ] array (
)
[ info ] [ RUN ] app\xiuli\controller\Index->index[ F:\xampp\htdocs\testTp5\app\xiuli\controller\Index.php ]
[ info ] [ DB ] INIT mysql
[ info ] [ LOG ] INIT File
[ sql ] [ DB ] CONNECT:[ UseTime:0.011001s ] mysql:dbname=zentao;host=192.168.21.10;port=3306;charset=utf8
[ sql ] [ SQL ] SHOW COLUMNS FROM `zt_user` [ RunTime:0.003000s ]
[ sql ] [ SQL ] SELECT * FROM `zt_user` WHERE  `id` = 1 LIMIT 1 [ RunTime:0.001000s ]
[ error ] [1]Call to a member function fetch() on a non-object[F:\xampp\htdocs\testTp5\app\xiuli\controller\Index.php:10]
---------------------------------------------------------------
[ 2017-05-31T17:11:02+08:00 ] 192.168.21.214 192.168.21.214 GET /testTP5/public/index.php/xiuli
[ info ] 192.168.21.214/testTP5/public/index.php/xiuli [运行时间：0.030002s][吞吐率：33.33req/s] [内存消耗：301.98kb] [文件加载：36]
[ info ] [ LANG ] F:\xampp\htdocs\testTp5\thinkphp\lang\zh-cn.php
[ info ] [ ROUTE ] array (
  'type' => 'module',
  'module' => 
  array (
    0 => 'xiuli',
    1 => NULL,
    2 => NULL,
  ),
)
[ info ] [ HEADER ] array (
  'host' => '192.168.21.214',
  'connection' => 'keep-alive',
  'cache-control' => 'max-age=0',
  'accept' => 'text/html,application/xhtml+xml,application/xml;q=0.9,image/webp,*/*;q=0.8',
  'upgrade-insecure-requests' => '1',
  'user-agent' => 'Mozilla/5.0 (Windows NT 6.1; WOW64) AppleWebKit/537.36 (KHTML, like Gecko) Chrome/45.0.2454.101 Safari/537.36',
  'accept-encoding' => 'gzip, deflate, sdch',
  'accept-language' => 'zh-CN,zh;q=0.8',
  'cookie' => 'Hm_lvt_4c790a1cf093e3632a695d5e82587605=1493863462; _ga=GA1.1.1912091484.1493863462; JSESSIONID=27D1CFED671A8CEF5431E09A06E740C4',
)
[ info ] [ PARAM ] array (
)
[ info ] [ RUN ] app\xiuli\controller\Index->index[ F:\xampp\htdocs\testTp5\app\xiuli\controller\Index.php ]
[ info ] [ DB ] INIT mysql
[ info ] [ LOG ] INIT File
[ sql ] [ DB ] CONNECT:[ UseTime:0.011000s ] mysql:dbname=zentao;host=192.168.21.10;port=3306;charset=utf8
[ sql ] [ SQL ] SHOW COLUMNS FROM `zt_user` [ RunTime:0.002001s ]
[ sql ] [ SQL ] SELECT * FROM `zt_user` WHERE  `id` = 1 LIMIT 1 [ RunTime:0.001000s ]
[ error ] [1]Call to a member function fetch() on a non-object[F:\xampp\htdocs\testTp5\app\xiuli\controller\Index.php:10]
---------------------------------------------------------------
[ 2017-05-31T17:11:02+08:00 ] 192.168.21.214 192.168.21.214 GET /testTP5/public/index.php/xiuli
[ info ] 192.168.21.214/testTP5/public/index.php/xiuli [运行时间：0.025001s][吞吐率：40.00req/s] [内存消耗：301.98kb] [文件加载：36]
[ info ] [ LANG ] F:\xampp\htdocs\testTp5\thinkphp\lang\zh-cn.php
[ info ] [ ROUTE ] array (
  'type' => 'module',
  'module' => 
  array (
    0 => 'xiuli',
    1 => NULL,
    2 => NULL,
  ),
)
[ info ] [ HEADER ] array (
  'host' => '192.168.21.214',
  'connection' => 'keep-alive',
  'cache-control' => 'max-age=0',
  'accept' => 'text/html,application/xhtml+xml,application/xml;q=0.9,image/webp,*/*;q=0.8',
  'upgrade-insecure-requests' => '1',
  'user-agent' => 'Mozilla/5.0 (Windows NT 6.1; WOW64) AppleWebKit/537.36 (KHTML, like Gecko) Chrome/45.0.2454.101 Safari/537.36',
  'accept-encoding' => 'gzip, deflate, sdch',
  'accept-language' => 'zh-CN,zh;q=0.8',
  'cookie' => 'Hm_lvt_4c790a1cf093e3632a695d5e82587605=1493863462; _ga=GA1.1.1912091484.1493863462; JSESSIONID=27D1CFED671A8CEF5431E09A06E740C4',
)
[ info ] [ PARAM ] array (
)
[ info ] [ RUN ] app\xiuli\controller\Index->index[ F:\xampp\htdocs\testTp5\app\xiuli\controller\Index.php ]
[ info ] [ DB ] INIT mysql
[ info ] [ LOG ] INIT File
[ sql ] [ DB ] CONNECT:[ UseTime:0.002000s ] mysql:dbname=zentao;host=192.168.21.10;port=3306;charset=utf8
[ sql ] [ SQL ] SHOW COLUMNS FROM `zt_user` [ RunTime:0.003000s ]
[ sql ] [ SQL ] SELECT * FROM `zt_user` WHERE  `id` = 1 LIMIT 1 [ RunTime:0.001000s ]
[ error ] [1]Call to a member function fetch() on a non-object[F:\xampp\htdocs\testTp5\app\xiuli\controller\Index.php:10]
---------------------------------------------------------------
[ 2017-05-31T17:11:02+08:00 ] 192.168.21.214 192.168.21.214 GET /testTP5/public/index.php/xiuli
[ info ] 192.168.21.214/testTP5/public/index.php/xiuli [运行时间：0.038002s][吞吐率：26.31req/s] [内存消耗：301.98kb] [文件加载：36]
[ info ] [ LANG ] F:\xampp\htdocs\testTp5\thinkphp\lang\zh-cn.php
[ info ] [ ROUTE ] array (
  'type' => 'module',
  'module' => 
  array (
    0 => 'xiuli',
    1 => NULL,
    2 => NULL,
  ),
)
[ info ] [ HEADER ] array (
  'host' => '192.168.21.214',
  'connection' => 'keep-alive',
  'cache-control' => 'max-age=0',
  'accept' => 'text/html,application/xhtml+xml,application/xml;q=0.9,image/webp,*/*;q=0.8',
  'upgrade-insecure-requests' => '1',
  'user-agent' => 'Mozilla/5.0 (Windows NT 6.1; WOW64) AppleWebKit/537.36 (KHTML, like Gecko) Chrome/45.0.2454.101 Safari/537.36',
  'accept-encoding' => 'gzip, deflate, sdch',
  'accept-language' => 'zh-CN,zh;q=0.8',
  'cookie' => 'Hm_lvt_4c790a1cf093e3632a695d5e82587605=1493863462; _ga=GA1.1.1912091484.1493863462; JSESSIONID=27D1CFED671A8CEF5431E09A06E740C4',
)
[ info ] [ PARAM ] array (
)
[ info ] [ RUN ] app\xiuli\controller\Index->index[ F:\xampp\htdocs\testTp5\app\xiuli\controller\Index.php ]
[ info ] [ DB ] INIT mysql
[ info ] [ LOG ] INIT File
[ sql ] [ DB ] CONNECT:[ UseTime:0.011001s ] mysql:dbname=zentao;host=192.168.21.10;port=3306;charset=utf8
[ sql ] [ SQL ] SHOW COLUMNS FROM `zt_user` [ RunTime:0.003000s ]
[ sql ] [ SQL ] SELECT * FROM `zt_user` WHERE  `id` = 1 LIMIT 1 [ RunTime:0.002000s ]
[ error ] [1]Call to a member function fetch() on a non-object[F:\xampp\htdocs\testTp5\app\xiuli\controller\Index.php:10]
---------------------------------------------------------------
[ 2017-05-31T18:14:21+08:00 ] 192.168.21.214 192.168.21.214 GET /testTP5/public/index.php/xiuli
[ info ] 192.168.21.214/testTP5/public/index.php/xiuli [运行时间：1.274072s][吞吐率：0.78req/s] [内存消耗：287.62kb] [文件加载：39]
[ info ] [ LANG ] F:\xampp\htdocs\testTp5\thinkphp\lang\zh-cn.php
[ info ] [ ROUTE ] array (
  'type' => 'module',
  'module' => 
  array (
    0 => 'xiuli',
    1 => NULL,
    2 => NULL,
  ),
)
[ info ] [ HEADER ] array (
  'host' => '192.168.21.214',
  'connection' => 'keep-alive',
  'cache-control' => 'max-age=0',
  'accept' => 'text/html,application/xhtml+xml,application/xml;q=0.9,image/webp,*/*;q=0.8',
  'upgrade-insecure-requests' => '1',
  'user-agent' => 'Mozilla/5.0 (Windows NT 6.1; WOW64) AppleWebKit/537.36 (KHTML, like Gecko) Chrome/45.0.2454.101 Safari/537.36',
  'accept-encoding' => 'gzip, deflate, sdch',
  'accept-language' => 'zh-CN,zh;q=0.8',
  'cookie' => 'Hm_lvt_4c790a1cf093e3632a695d5e82587605=1493863462; _ga=GA1.1.1912091484.1493863462; JSESSIONID=27D1CFED671A8CEF5431E09A06E740C4',
)
[ info ] [ PARAM ] array (
)
[ info ] [ RUN ] app\xiuli\controller\Index->index[ F:\xampp\htdocs\testTp5\app\xiuli\controller\Index.php ]
[ info ] [ DB ] INIT mysql
[ info ] [ LOG ] INIT File
[ sql ] [ DB ] CONNECT:[ UseTime:0.347020s ] mysql:dbname=zentao;host=192.168.21.10;port=3306;charset=utf8
[ sql ] [ SQL ] SHOW COLUMNS FROM `zt_user` [ RunTime:0.036002s ]
[ sql ] [ SQL ] SELECT * FROM `zt_user` WHERE  `id` = 1 LIMIT 1 [ RunTime:0.002000s ]
[ error ] [0]模板文件不存在:F:\xampp\htdocs\testTp5\public/../app/xiuli\view\index\index.html[F:\xampp\htdocs\testTp5\thinkphp\library\think\view\driver\Think.php:80]
---------------------------------------------------------------
[ 2017-05-31T18:15:11+08:00 ] 192.168.21.214 192.168.21.214 GET /testTP5/public/index.php/xiuli
[ info ] 192.168.21.214/testTP5/public/index.php/xiuli [运行时间：0.230013s][吞吐率：4.35req/s] [内存消耗：323.93kb] [文件加载：39]
[ info ] [ LANG ] F:\xampp\htdocs\testTp5\thinkphp\lang\zh-cn.php
[ info ] [ ROUTE ] array (
  'type' => 'module',
  'module' => 
  array (
    0 => 'xiuli',
    1 => NULL,
    2 => NULL,
  ),
)
[ info ] [ HEADER ] array (
  'host' => '192.168.21.214',
  'connection' => 'keep-alive',
  'cache-control' => 'max-age=0',
  'accept' => 'text/html,application/xhtml+xml,application/xml;q=0.9,image/webp,*/*;q=0.8',
  'upgrade-insecure-requests' => '1',
  'user-agent' => 'Mozilla/5.0 (Windows NT 6.1; WOW64) AppleWebKit/537.36 (KHTML, like Gecko) Chrome/45.0.2454.101 Safari/537.36',
  'accept-encoding' => 'gzip, deflate, sdch',
  'accept-language' => 'zh-CN,zh;q=0.8',
  'cookie' => 'Hm_lvt_4c790a1cf093e3632a695d5e82587605=1493863462; _ga=GA1.1.1912091484.1493863462; JSESSIONID=27D1CFED671A8CEF5431E09A06E740C4',
)
[ info ] [ PARAM ] array (
)
[ info ] [ RUN ] app\xiuli\controller\Index->index[ F:\xampp\htdocs\testTp5\app\xiuli\controller\Index.php ]
[ info ] [ DB ] INIT mysql
[ info ] [ VIEW ] F:\xampp\htdocs\testTp5\public/../app/xiuli\view\index\index.html [ array (
) ]
[ info ] [ LOG ] INIT File
[ sql ] [ DB ] CONNECT:[ UseTime:0.002000s ] mysql:dbname=zentao;host=192.168.21.10;port=3306;charset=utf8
[ sql ] [ SQL ] SHOW COLUMNS FROM `zt_user` [ RunTime:0.003000s ]
[ sql ] [ SQL ] SELECT * FROM `zt_user` WHERE  `id` = 1 LIMIT 1 [ RunTime:0.001000s ]
---------------------------------------------------------------
[ 2017-05-31T18:16:24+08:00 ] 192.168.21.214 192.168.21.214 GET /testTP5/public/index.php/xiuli
[ info ] 192.168.21.214/testTP5/public/index.php/xiuli [运行时间：0.053003s][吞吐率：18.87req/s] [内存消耗：291.53kb] [文件加载：40]
[ info ] [ LANG ] F:\xampp\htdocs\testTp5\thinkphp\lang\zh-cn.php
[ info ] [ ROUTE ] array (
  'type' => 'module',
  'module' => 
  array (
    0 => 'xiuli',
    1 => NULL,
    2 => NULL,
  ),
)
[ info ] [ HEADER ] array (
  'host' => '192.168.21.214',
  'connection' => 'keep-alive',
  'cache-control' => 'max-age=0',
  'accept' => 'text/html,application/xhtml+xml,application/xml;q=0.9,image/webp,*/*;q=0.8',
  'upgrade-insecure-requests' => '1',
  'user-agent' => 'Mozilla/5.0 (Windows NT 6.1; WOW64) AppleWebKit/537.36 (KHTML, like Gecko) Chrome/45.0.2454.101 Safari/537.36',
  'accept-encoding' => 'gzip, deflate, sdch',
  'accept-language' => 'zh-CN,zh;q=0.8',
  'cookie' => 'Hm_lvt_4c790a1cf093e3632a695d5e82587605=1493863462; _ga=GA1.1.1912091484.1493863462; JSESSIONID=27D1CFED671A8CEF5431E09A06E740C4',
)
[ info ] [ PARAM ] array (
)
[ info ] [ RUN ] app\xiuli\controller\Index->index[ F:\xampp\htdocs\testTp5\app\xiuli\controller\Index.php ]
[ info ] [ DB ] INIT mysql
[ info ] [ LOG ] INIT File
[ sql ] [ DB ] CONNECT:[ UseTime:0.010001s ] mysql:dbname=zentao;host=192.168.21.10;port=3306;charset=utf8
[ sql ] [ SQL ] SHOW COLUMNS FROM `zt_user` [ RunTime:0.003000s ]
[ sql ] [ SQL ] SELECT * FROM `zt_user` WHERE  `id` = 1 LIMIT 1 [ RunTime:0.001000s ]
[ error ] [2]Missing argument 1 for think\View::display(), called in F:\xampp\htdocs\testTp5\app\xiuli\controller\Index.php on line 11 and defined[F:\xampp\htdocs\testTp5\thinkphp\library\think\View.php:199]
